#
# There is insufficient memory for the Java Runtime Environment to continue.
# Native memory allocation (malloc) failed to allocate 394576 bytes for Chunk::new
# Possible reasons:
#   The system is out of physical RAM or swap space
#   The process is running with CompressedOops enabled, and the Java Heap may be blocking the growth of the native heap
# Possible solutions:
#   Reduce memory load on the system
#   Increase physical memory or swap space
#   Check if swap backing store is full
#   Decrease Java heap size (-Xmx/-Xms)
#   Decrease number of Java threads
#   Decrease Java thread stack sizes (-Xss)
#   Set larger code cache with -XX:ReservedCodeCacheSize=
#   JVM is running with Unscaled Compressed Oops mode in which the Java heap is
#     placed in the first 4GB address space. The Java Heap base address is the
#     maximum limit for the native heap growth. Please use -XX:HeapBaseMinAddress
#     to set the Java Heap base and to place the Java Heap above 4GB virtual address.
# This output file may be truncated or incomplete.
#
#  Out of Memory Error (allocation.cpp:389), pid=16272, tid=0x000000000000389c
#
# JRE version: Java(TM) SE Runtime Environment (8.0_202-b08) (build 1.8.0_202-b08)
# Java VM: Java HotSpot(TM) 64-Bit Server VM (25.202-b08 mixed mode windows-amd64 compressed oops)
# Failed to write core dump. Minidumps are not enabled by default on client versions of Windows
#

---------------  T H R E A D  ---------------

Current thread (0x000000001931f800):  JavaThread "C2 CompilerThread0" daemon [_thread_in_native, id=14492, stack(0x0000000019a90000,0x0000000019b90000)]

Stack: [0x0000000019a90000,0x0000000019b90000]
[error occurred during error reporting (printing stack bounds), id 0xc0000005]

Native frames: (J=compiled Java code, j=interpreted, Vv=VM code, C=native code)


Current CompileTask:
C2:  10122 5191   !   4       java.net.URLClassLoader::definePackageInternal (81 bytes)


---------------  P R O C E S S  ---------------

Java Threads: ( => current thread )
  0x000000001e772800 JavaThread "Cache worker for Build Output Cleanup Cache (F:\Android\AndroidStudioProject\MoodKeeper\.gradle\buildOutputCleanup)" [_thread_blocked, id=15820, stack(0x0000000022560000,0x0000000022660000)]
  0x000000001e770800 JavaThread "Build operations Thread 8" [_thread_blocked, id=15668, stack(0x0000000022d80000,0x0000000022e80000)]
  0x000000001e772000 JavaThread "Build operations Thread 7" [_thread_blocked, id=6952, stack(0x0000000022c80000,0x0000000022d80000)]
  0x000000001e769000 JavaThread "Build operations Thread 6" [_thread_blocked, id=7380, stack(0x0000000022b80000,0x0000000022c80000)]
  0x000000001e76f800 JavaThread "Build operations Thread 5" [_thread_blocked, id=15608, stack(0x0000000022a80000,0x0000000022b80000)]
  0x000000001e76f000 JavaThread "Build operations Thread 4" [_thread_blocked, id=12200, stack(0x0000000022980000,0x0000000022a80000)]
  0x000000001e76d800 JavaThread "Build operations Thread 3" [_thread_blocked, id=5116, stack(0x0000000022880000,0x0000000022980000)]
  0x000000001e767800 JavaThread "Build operations Thread 2" [_thread_blocked, id=15412, stack(0x0000000022780000,0x0000000022880000)]
  0x000000001e769800 JavaThread "Build operations" [_thread_blocked, id=2480, stack(0x0000000022680000,0x0000000022780000)]
  0x000000001e76c800 JavaThread "Cache worker for execution history cache (C:\Users\zyt\.gradle\caches\5.4.1\executionHistory)" [_thread_blocked, id=13944, stack(0x0000000021bd0000,0x0000000021cd0000)]
  0x000000001e76c000 JavaThread "Cache worker for cache directory md-rule (C:\Users\zyt\.gradle\caches\5.4.1\md-rule)" [_thread_blocked, id=10608, stack(0x0000000021850000,0x0000000021950000)]
  0x000000001e76e000 JavaThread "Cache worker for cache directory md-supplier (C:\Users\zyt\.gradle\caches\5.4.1\md-supplier)" [_thread_blocked, id=7088, stack(0x00000000206e0000,0x00000000207e0000)]
  0x0000000019331000 JavaThread "Cache worker for file hash cache (F:\Android\AndroidStudioProject\MoodKeeper\.gradle\5.4.1\fileHashes)" [_thread_blocked, id=17204, stack(0x000000001ff80000,0x0000000020080000)]
  0x000000001932e800 JavaThread "File lock release action executor" [_thread_blocked, id=12364, stack(0x000000001dce0000,0x000000001dde0000)]
  0x000000001932e000 JavaThread "Cache worker for journal cache (C:\Users\zyt\.gradle\caches\journal-1)" [_thread_blocked, id=13892, stack(0x000000001dbe0000,0x000000001dce0000)]
  0x0000000019330000 JavaThread "File lock request listener" [_thread_in_native, id=16280, stack(0x000000001dae0000,0x000000001dbe0000)]
  0x000000001932c800 JavaThread "Cache worker for file hash cache (C:\Users\zyt\.gradle\caches\5.4.1\fileHashes)" [_thread_blocked, id=7768, stack(0x000000001d7e0000,0x000000001d8e0000)]
  0x000000001b040800 JavaThread "Thread-9" [_thread_blocked, id=15972, stack(0x000000001c710000,0x000000001c810000)]
  0x000000001a197800 JavaThread "Stdin handler" [_thread_blocked, id=17124, stack(0x000000001c610000,0x000000001c710000)]
  0x000000001b5f2000 JavaThread "Asynchronous log dispatcher for DefaultDaemonConnection: socket connection from /127.0.0.1:57234 to /127.0.0.1:57235" [_thread_blocked, id=6540, stack(0x000000001c410000,0x000000001c510000)]
  0x000000001b4c4000 JavaThread "Daemon worker" [_thread_in_vm, id=8452, stack(0x000000001c310000,0x000000001c410000)]
  0x000000001b66d000 JavaThread "Cancel handler" [_thread_blocked, id=1304, stack(0x000000001c210000,0x000000001c310000)]
  0x000000001a910800 JavaThread "Handler for socket connection from /127.0.0.1:57234 to /127.0.0.1:57235" [_thread_in_native, id=16916, stack(0x000000001bf10000,0x000000001c010000)]
  0x0000000019422000 JavaThread "Daemon" [_thread_blocked, id=8884, stack(0x000000001be10000,0x000000001bf10000)]
  0x000000001a19f000 JavaThread "Daemon periodic checks" [_thread_blocked, id=232, stack(0x000000001bd10000,0x000000001be10000)]
  0x0000000019420000 JavaThread "Incoming local TCP Connector on port 57234" [_thread_in_native, id=9264, stack(0x000000001bb60000,0x000000001bc60000)]
  0x000000001af63800 JavaThread "Daemon health stats" [_thread_blocked, id=5288, stack(0x000000001b860000,0x000000001b960000)]
  0x00000000193c3000 JavaThread "Service Thread" daemon [_thread_blocked, id=8400, stack(0x0000000019e90000,0x0000000019f90000)]
  0x000000001932f800 JavaThread "C1 CompilerThread3" daemon [_thread_blocked, id=6656, stack(0x0000000019d90000,0x0000000019e90000)]
  0x000000001932b800 JavaThread "C2 CompilerThread2" daemon [_thread_in_native, id=2792, stack(0x0000000019c90000,0x0000000019d90000)]
  0x0000000019326800 JavaThread "C2 CompilerThread1" daemon [_thread_blocked, id=13436, stack(0x0000000019b90000,0x0000000019c90000)]
=>0x000000001931f800 JavaThread "C2 CompilerThread0" daemon [_thread_in_native, id=14492, stack(0x0000000019a90000,0x0000000019b90000)]
  0x000000001931c800 JavaThread "Attach Listener" daemon [_thread_blocked, id=14628, stack(0x0000000019990000,0x0000000019a90000)]
  0x00000000192c9800 JavaThread "Signal Dispatcher" daemon [_thread_blocked, id=6300, stack(0x0000000019890000,0x0000000019990000)]
  0x00000000192b1000 JavaThread "Finalizer" daemon [_thread_blocked, id=4916, stack(0x0000000019790000,0x0000000019890000)]
  0x00000000174bd800 JavaThread "Reference Handler" daemon [_thread_blocked, id=14604, stack(0x0000000019690000,0x0000000019790000)]
  0x0000000003602800 JavaThread "main" [_thread_blocked, id=1408, stack(0x00000000030f0000,0x00000000031f0000)]

Other Threads:
  0x00000000174b9000 VMThread [stack: 0x0000000019190000,0x0000000019290000] [id=13376]
  0x0000000019372000 WatcherThread [stack: 0x0000000019f90000,0x000000001a090000] [id=12128]

VM state:not at safepoint (normal execution)

VM Mutex/Monitor currently owned by a thread: None

heap address: 0x00000000a0000000, size: 1536 MB, Compressed Oops mode: 32-bit
Narrow klass base: 0x0000000000000000, Narrow klass shift: 3
Compressed class space size: 1073741824 Address: 0x0000000100000000

Heap:
 PSYoungGen      total 199168K, used 3662K [0x00000000e0000000, 0x00000000ef300000, 0x0000000100000000)
  eden space 180224K, 2% used [0x00000000e0000000,0x00000000e0393a30,0x00000000eb000000)
  from space 18944K, 0% used [0x00000000ec300000,0x00000000ec300000,0x00000000ed580000)
  to   space 19456K, 0% used [0x00000000eb000000,0x00000000eb000000,0x00000000ec300000)
 ParOldGen       total 86016K, used 31312K [0x00000000a0000000, 0x00000000a5400000, 0x00000000e0000000)
  object space 86016K, 36% used [0x00000000a0000000,0x00000000a1e94240,0x00000000a5400000)
 Metaspace       used 56781K, capacity 58804K, committed 59264K, reserved 1099776K
  class space    used 7749K, capacity 8202K, committed 8320K, reserved 1048576K

Card table byte_map: [0x0000000012ac0000,0x0000000012dd0000] byte_map_base: 0x00000000125c0000

Marking Bits: (ParMarkBitMap*) 0x0000000067a45ce0
 Begin Bits: [0x00000000137d0000, 0x0000000014fd0000)
 End Bits:   [0x0000000014fd0000, 0x00000000167d0000)

Polling page: 0x0000000001850000

CodeCache: size=245760Kb used=17358Kb max_used=17358Kb free=228401Kb
 bounds [0x0000000003700000, 0x0000000004810000, 0x0000000012700000]
 total_blobs=5779 nmethods=4973 adapters=717
 compilation: enabled

Compilation events (10 events):
Event: 10.099 Thread 0x0000000019326800 5428       4       org.gradle.internal.service.DefaultServiceRegistry$CompositeServiceProvider::getService (49 bytes)
Event: 10.100 Thread 0x0000000019326800 nmethod 5428 0x00000000047f2490 code [0x00000000047f25e0, 0x00000000047f26f8]
Event: 10.101 Thread 0x000000001932f800 5429       3       org.gradle.model.internal.asm.AsmClassGeneratorUtils::visitType (417 bytes)
Event: 10.107 Thread 0x000000001932f800 nmethod 5429 0x00000000047f2850 code [0x00000000047f3080, 0x00000000047f8f58]
Event: 10.111 Thread 0x000000001932f800 5430       3       groovy.lang.MetaClassImpl::applyStrayPropertyMethods (293 bytes)
Event: 10.115 Thread 0x000000001932f800 nmethod 5430 0x00000000047fca50 code [0x00000000047fcee0, 0x0000000004800158]
Event: 10.115 Thread 0x000000001932f800 5431       3       org.gradle.internal.metaobject.BeanDynamicObject::tryGetProperty (9 bytes)
Event: 10.116 Thread 0x000000001932f800 nmethod 5431 0x00000000047f0fd0 code [0x00000000047f1140, 0x00000000047f1348]
Event: 10.116 Thread 0x000000001932f800 5432   !   3       org.gradle.internal.metaobject.BeanDynamicObject$MetaClassAdapter::getProperty (211 bytes)
Event: 10.119 Thread 0x000000001932f800 nmethod 5432 0x00000000047ee790 code [0x00000000047eeaa0, 0x00000000047f05a8]

GC Heap History (10 events):
Event: 5.884 GC heap before
{Heap before GC invocations=11 (full 2):
 PSYoungGen      total 121344K, used 9708K [0x00000000e0000000, 0x00000000eb000000, 0x0000000100000000)
  eden space 110080K, 0% used [0x00000000e0000000,0x00000000e0000000,0x00000000e6b80000)
  from space 11264K, 86% used [0x00000000e6b80000,0x00000000e74fb3b8,0x00000000e7680000)
  to   space 11776K, 0% used [0x00000000ea480000,0x00000000ea480000,0x00000000eb000000)
 ParOldGen       total 56832K, used 9056K [0x00000000a0000000, 0x00000000a3780000, 0x00000000e0000000)
  object space 56832K, 15% used [0x00000000a0000000,0x00000000a08d83b8,0x00000000a3780000)
 Metaspace       used 34394K, capacity 35358K, committed 35416K, reserved 1079296K
  class space    used 4858K, capacity 5077K, committed 5120K, reserved 1048576K
Event: 5.938 GC heap after
Heap after GC invocations=11 (full 2):
 PSYoungGen      total 121344K, used 0K [0x00000000e0000000, 0x00000000eb000000, 0x0000000100000000)
  eden space 110080K, 0% used [0x00000000e0000000,0x00000000e0000000,0x00000000e6b80000)
  from space 11264K, 0% used [0x00000000e6b80000,0x00000000e6b80000,0x00000000e7680000)
  to   space 11776K, 0% used [0x00000000ea480000,0x00000000ea480000,0x00000000eb000000)
 ParOldGen       total 86016K, used 17004K [0x00000000a0000000, 0x00000000a5400000, 0x00000000e0000000)
  object space 86016K, 19% used [0x00000000a0000000,0x00000000a109b3c8,0x00000000a5400000)
 Metaspace       used 34394K, capacity 35358K, committed 35416K, reserved 1079296K
  class space    used 4858K, capacity 5077K, committed 5120K, reserved 1048576K
}
Event: 7.736 GC heap before
{Heap before GC invocations=12 (full 2):
 PSYoungGen      total 121344K, used 110080K [0x00000000e0000000, 0x00000000eb000000, 0x0000000100000000)
  eden space 110080K, 100% used [0x00000000e0000000,0x00000000e6b80000,0x00000000e6b80000)
  from space 11264K, 0% used [0x00000000e6b80000,0x00000000e6b80000,0x00000000e7680000)
  to   space 11776K, 0% used [0x00000000ea480000,0x00000000ea480000,0x00000000eb000000)
 ParOldGen       total 86016K, used 17004K [0x00000000a0000000, 0x00000000a5400000, 0x00000000e0000000)
  object space 86016K, 19% used [0x00000000a0000000,0x00000000a109b3c8,0x00000000a5400000)
 Metaspace       used 45567K, capacity 47122K, committed 47360K, reserved 1089536K
  class space    used 6209K, capacity 6564K, committed 6656K, reserved 1048576K
Event: 7.754 GC heap after
Heap after GC invocations=12 (full 2):
 PSYoungGen      total 153088K, used 11764K [0x00000000e0000000, 0x00000000eb000000, 0x0000000100000000)
  eden space 141312K, 0% used [0x00000000e0000000,0x00000000e0000000,0x00000000e8a00000)
  from space 11776K, 99% used [0x00000000ea480000,0x00000000eaffd3e8,0x00000000eb000000)
  to   space 13824K, 0% used [0x00000000e9500000,0x00000000e9500000,0x00000000ea280000)
 ParOldGen       total 86016K, used 19293K [0x00000000a0000000, 0x00000000a5400000, 0x00000000e0000000)
  object space 86016K, 22% used [0x00000000a0000000,0x00000000a12d77c0,0x00000000a5400000)
 Metaspace       used 45567K, capacity 47122K, committed 47360K, reserved 1089536K
  class space    used 6209K, capacity 6564K, committed 6656K, reserved 1048576K
}
Event: 9.621 GC heap before
{Heap before GC invocations=13 (full 2):
 PSYoungGen      total 153088K, used 153076K [0x00000000e0000000, 0x00000000eb000000, 0x0000000100000000)
  eden space 141312K, 100% used [0x00000000e0000000,0x00000000e8a00000,0x00000000e8a00000)
  from space 11776K, 99% used [0x00000000ea480000,0x00000000eaffd3e8,0x00000000eb000000)
  to   space 13824K, 0% used [0x00000000e9500000,0x00000000e9500000,0x00000000ea280000)
 ParOldGen       total 86016K, used 19293K [0x00000000a0000000, 0x00000000a5400000, 0x00000000e0000000)
  object space 86016K, 22% used [0x00000000a0000000,0x00000000a12d77c0,0x00000000a5400000)
 Metaspace       used 56330K, capacity 58288K, committed 58368K, reserved 1099776K
  class space    used 7686K, capacity 8171K, committed 8192K, reserved 1048576K
Event: 9.645 GC heap after
Heap after GC invocations=13 (full 2):
 PSYoungGen      total 166400K, used 13804K [0x00000000e0000000, 0x00000000ed580000, 0x0000000100000000)
  eden space 152576K, 0% used [0x00000000e0000000,0x00000000e0000000,0x00000000e9500000)
  from space 13824K, 99% used [0x00000000e9500000,0x00000000ea27b258,0x00000000ea280000)
  to   space 18944K, 0% used [0x00000000ec300000,0x00000000ec300000,0x00000000ed580000)
 ParOldGen       total 86016K, used 29035K [0x00000000a0000000, 0x00000000a5400000, 0x00000000e0000000)
  object space 86016K, 33% used [0x00000000a0000000,0x00000000a1c5ad28,0x00000000a5400000)
 Metaspace       used 56330K, capacity 58288K, committed 58368K, reserved 1099776K
  class space    used 7686K, capacity 8171K, committed 8192K, reserved 1048576K
}
Event: 9.798 GC heap before
{Heap before GC invocations=14 (full 2):
 PSYoungGen      total 166400K, used 25432K [0x00000000e0000000, 0x00000000ed580000, 0x0000000100000000)
  eden space 152576K, 7% used [0x00000000e0000000,0x00000000e0b5adb0,0x00000000e9500000)
  from space 13824K, 99% used [0x00000000e9500000,0x00000000ea27b258,0x00000000ea280000)
  to   space 18944K, 0% used [0x00000000ec300000,0x00000000ec300000,0x00000000ed580000)
 ParOldGen       total 86016K, used 29035K [0x00000000a0000000, 0x00000000a5400000, 0x00000000e0000000)
  object space 86016K, 33% used [0x00000000a0000000,0x00000000a1c5ad28,0x00000000a5400000)
 Metaspace       used 56808K, capacity 58898K, committed 59008K, reserved 1099776K
  class space    used 7760K, capacity 8259K, committed 8320K, reserved 1048576K
Event: 9.810 GC heap after
Heap after GC invocations=14 (full 2):
 PSYoungGen      total 199168K, used 1812K [0x00000000e0000000, 0x00000000ef300000, 0x0000000100000000)
  eden space 180224K, 0% used [0x00000000e0000000,0x00000000e0000000,0x00000000eb000000)
  from space 18944K, 9% used [0x00000000ec300000,0x00000000ec4c5270,0x00000000ed580000)
  to   space 19456K, 0% used [0x00000000eb000000,0x00000000eb000000,0x00000000ec300000)
 ParOldGen       total 86016K, used 38337K [0x00000000a0000000, 0x00000000a5400000, 0x00000000e0000000)
  object space 86016K, 44% used [0x00000000a0000000,0x00000000a25706d0,0x00000000a5400000)
 Metaspace       used 56808K, capacity 58898K, committed 59008K, reserved 1099776K
  class space    used 7760K, capacity 8259K, committed 8320K, reserved 1048576K
}
Event: 9.810 GC heap before
{Heap before GC invocations=15 (full 3):
 PSYoungGen      total 199168K, used 1812K [0x00000000e0000000, 0x00000000ef300000, 0x0000000100000000)
  eden space 180224K, 0% used [0x00000000e0000000,0x00000000e0000000,0x00000000eb000000)
  from space 18944K, 9% used [0x00000000ec300000,0x00000000ec4c5270,0x00000000ed580000)
  to   space 19456K, 0% used [0x00000000eb000000,0x00000000eb000000,0x00000000ec300000)
 ParOldGen       total 86016K, used 38337K [0x00000000a0000000, 0x00000000a5400000, 0x00000000e0000000)
  object space 86016K, 44% used [0x00000000a0000000,0x00000000a25706d0,0x00000000a5400000)
 Metaspace       used 56808K, capacity 58898K, committed 59008K, reserved 1099776K
  class space    used 7760K, capacity 8259K, committed 8320K, reserved 1048576K
Event: 10.093 GC heap after
Heap after GC invocations=15 (full 3):
 PSYoungGen      total 199168K, used 0K [0x00000000e0000000, 0x00000000ef300000, 0x0000000100000000)
  eden space 180224K, 0% used [0x00000000e0000000,0x00000000e0000000,0x00000000eb000000)
  from space 18944K, 0% used [0x00000000ec300000,0x00000000ec300000,0x00000000ed580000)
  to   space 19456K, 0% used [0x00000000eb000000,0x00000000eb000000,0x00000000ec300000)
 ParOldGen       total 86016K, used 31312K [0x00000000a0000000, 0x00000000a5400000, 0x00000000e0000000)
  object space 86016K, 36% used [0x00000000a0000000,0x00000000a1e94240,0x00000000a5400000)
 Metaspace       used 56745K, capacity 58676K, committed 59008K, reserved 1099776K
  class space    used 7742K, capacity 8202K, committed 8320K, reserved 1048576K
}

Deoptimization events (10 events):
Event: 8.042 Thread 0x000000001b4c4000 Uncommon trap: reason=unstable_if action=reinterpret pc=0x0000000003d9a464 method=java.lang.ClassValue.match(Ljava/lang/ClassValue$Entry;)Z @ 12
Event: 8.042 Thread 0x000000001b4c4000 Uncommon trap: reason=unstable_if action=reinterpret pc=0x0000000003e98834 method=java.lang.ClassValue.match(Ljava/lang/ClassValue$Entry;)Z @ 12
Event: 8.050 Thread 0x000000001b4c4000 Uncommon trap: reason=null_check action=make_not_entrant pc=0x0000000004450fb8 method=java.lang.ThreadLocal$ThreadLocalMap.getEntryAfterMiss(Ljava/lang/ThreadLocal;ILjava/lang/ThreadLocal$ThreadLocalMap$Entry;)Ljava/lang/ThreadLocal$ThreadLocalMap$Entry; 
Event: 8.065 Thread 0x000000001b4c4000 Uncommon trap: reason=unstable_if action=reinterpret pc=0x0000000004354434 method=java.util.concurrent.ConcurrentHashMap.addCount(JI)V @ 110
Event: 8.346 Thread 0x000000001b4c4000 Uncommon trap: reason=unstable_if action=reinterpret pc=0x00000000043f40e0 method=org.gradle.internal.reflect.PropertyAccessorType.of(Ljava/lang/reflect/Method;)Lorg/gradle/internal/reflect/PropertyAccessorType; @ 56
Event: 8.360 Thread 0x000000001b4c4000 Uncommon trap: reason=unstable_if action=reinterpret pc=0x000000000434542c method=groovy.lang.MetaClassImpl.filterPropertyMethod(Ljava/lang/Object;ZZ)Ljava/lang/Object; @ 72
Event: 8.587 Thread 0x000000001b4c4000 Uncommon trap: reason=unstable_if action=reinterpret pc=0x0000000004470514 method=org.gradle.internal.instantiation.AbstractClassGenerator$InjectionAnnotationValidator.validateMethod(Ljava/lang/reflect/Method;Lorg/gradle/internal/reflect/PropertyAccessorT
Event: 8.870 Thread 0x000000001b4c4000 Uncommon trap: reason=unstable_if action=reinterpret pc=0x0000000003cac064 method=java.lang.String.lastIndexOf([CII[CIII)I @ 17
Event: 9.077 Thread 0x000000001b4c4000 Uncommon trap: reason=unstable_if action=reinterpret pc=0x000000000466f488 method=kotlin.reflect.jvm.internal.impl.protobuf.CodedInputStream.readRawVarint32()I @ 10
Event: 9.553 Thread 0x000000001b4c4000 Uncommon trap: reason=unstable_if action=reinterpret pc=0x0000000003c6241c method=java.io.WinNTFileSystem.normalize(Ljava/lang/String;)Ljava/lang/String; @ 74

Classes redefined (0 events):
No events

Internal exceptions (10 events):
Event: 9.684 Thread 0x000000001b4c4000 Exception <a 'java/lang/ClassNotFoundException': com/android/build/gradle/LibraryExtensionCustomizer> (0x00000000e02633d8) thrown at [C:\re\workspace\8-2-build-windows-amd64-cygwin\jdk8u202\12323\hotspot\src\share\vm\classfile\systemDictionary.cpp, line 2
Event: 9.685 Thread 0x000000001b4c4000 Exception <a 'java/lang/ClassNotFoundException': com/android/build/gradle/LibraryExtension_DecoratedCustomizer> (0x00000000e029f0f0) thrown at [C:\re\workspace\8-2-build-windows-amd64-cygwin\jdk8u202\12323\hotspot\src\share\vm\classfile\systemDictionary.c
Event: 9.693 Thread 0x000000001b4c4000 Exception <a 'java/lang/ClassNotFoundException': com/android/build/gradle/internal/dsl/LintOptions_DecoratedBeanInfo> (0x00000000e03d54c8) thrown at [C:\re\workspace\8-2-build-windows-amd64-cygwin\jdk8u202\12323\hotspot\src\share\vm\classfile\systemDictio
Event: 9.694 Thread 0x000000001b4c4000 Exception <a 'java/lang/ClassNotFoundException': com/android/build/gradle/internal/dsl/LintOptionsBeanInfo> (0x00000000e03eeb10) thrown at [C:\re\workspace\8-2-build-windows-amd64-cygwin\jdk8u202\12323\hotspot\src\share\vm\classfile\systemDictionary.cpp, 
Event: 9.694 Thread 0x000000001b4c4000 Exception <a 'java/lang/ClassNotFoundException': com/android/build/gradle/internal/dsl/LintOptionsCustomizer> (0x00000000e04090a8) thrown at [C:\re\workspace\8-2-build-windows-amd64-cygwin\jdk8u202\12323\hotspot\src\share\vm\classfile\systemDictionary.cpp
Event: 9.695 Thread 0x000000001b4c4000 Exception <a 'java/lang/ClassNotFoundException': com/android/build/gradle/internal/dsl/LintOptions_DecoratedCustomizer> (0x00000000e04820e0) thrown at [C:\re\workspace\8-2-build-windows-amd64-cygwin\jdk8u202\12323\hotspot\src\share\vm\classfile\systemDict
Event: 10.106 Thread 0x000000001b4c4000 Exception <a 'java/lang/ClassNotFoundException': com/android/build/gradle/internal/api/LibraryVariantOutputImpl_DecoratedBeanInfo> (0x00000000e008a9a8) thrown at [C:\re\workspace\8-2-build-windows-amd64-cygwin\jdk8u202\12323\hotspot\src\share\vm\classfile
Event: 10.108 Thread 0x000000001b4c4000 Exception <a 'java/lang/ClassNotFoundException': com/android/build/gradle/internal/api/LibraryVariantOutputImplBeanInfo> (0x00000000e00a65c0) thrown at [C:\re\workspace\8-2-build-windows-amd64-cygwin\jdk8u202\12323\hotspot\src\share\vm\classfile\systemDic
Event: 10.108 Thread 0x000000001b4c4000 Exception <a 'java/lang/ClassNotFoundException': com/android/build/gradle/internal/api/LibraryVariantOutputImplCustomizer> (0x00000000e00c2bf0) thrown at [C:\re\workspace\8-2-build-windows-amd64-cygwin\jdk8u202\12323\hotspot\src\share\vm\classfile\systemD
Event: 10.109 Thread 0x000000001b4c4000 Exception <a 'java/lang/ClassNotFoundException': com/android/build/gradle/internal/api/LibraryVariantOutputImpl_DecoratedCustomizer> (0x00000000e00ec460) thrown at [C:\re\workspace\8-2-build-windows-amd64-cygwin\jdk8u202\12323\hotspot\src\share\vm\classfi

Events (10 events):
Event: 10.109 loading class com/android/build/gradle/internal/api/LibraryVariantOutputImpl_DecoratedCustomizer
Event: 10.109 loading class com/android/build/gradle/internal/api/LibraryVariantOutputImpl_DecoratedCustomizer done
Event: 10.109 loading class com/android/build/gradle/internal/api/LibraryVariantOutputImpl_DecoratedCustomizer
Event: 10.109 loading class com/android/build/gradle/internal/api/LibraryVariantOutputImpl_DecoratedCustomizer done
Event: 10.119 loading class org/gradle/workers/WorkerExecutor
Event: 10.119 loading class org/gradle/workers/WorkerExecutor done
Event: 10.120 loading class org/gradle/internal/remote/internal/hub/MessageHubBackedServer
Event: 10.120 loading class org/gradle/internal/remote/internal/hub/MessageHubBackedServer done
Event: 10.121 loading class org/gradle/internal/jvm/inspection/CachingJvmVersionDetector
Event: 10.121 loading class org/gradle/internal/jvm/inspection/CachingJvmVersionDetector done


Dynamic libraries:
0x00007ff70d180000 - 0x00007ff70d1b7000 	C:\Program Files\Java\jdk1.8.0_202\bin\java.exe
0x00007ff98a1d0000 - 0x00007ff98a3c5000 	C:\WINDOWS\SYSTEM32\ntdll.dll
0x00007ff9889d0000 - 0x00007ff988a8d000 	C:\WINDOWS\System32\KERNEL32.DLL
0x00007ff987940000 - 0x00007ff987c08000 	C:\WINDOWS\System32\KERNELBASE.dll
0x00007ff9899c0000 - 0x00007ff989a6c000 	C:\WINDOWS\System32\ADVAPI32.dll
0x00007ff989fb0000 - 0x00007ff98a04e000 	C:\WINDOWS\System32\msvcrt.dll
0x00007ff989f10000 - 0x00007ff989fab000 	C:\WINDOWS\System32\sechost.dll
0x00007ff9886a0000 - 0x00007ff9887cb000 	C:\WINDOWS\System32\RPCRT4.dll
0x00007ff989b60000 - 0x00007ff989d00000 	C:\WINDOWS\System32\USER32.dll
0x00007ff987ef0000 - 0x00007ff987f12000 	C:\WINDOWS\System32\win32u.dll
0x00007ff9887d0000 - 0x00007ff9887fa000 	C:\WINDOWS\System32\GDI32.dll
0x00007ff987c10000 - 0x00007ff987d1b000 	C:\WINDOWS\System32\gdi32full.dll
0x00007ff987f20000 - 0x00007ff987fbd000 	C:\WINDOWS\System32\msvcp_win.dll
0x00007ff987d70000 - 0x00007ff987e70000 	C:\WINDOWS\System32\ucrtbase.dll
0x00007ff974240000 - 0x00007ff9744da000 	C:\WINDOWS\WinSxS\amd64_microsoft.windows.common-controls_6595b64144ccf1df_6.0.19041.844_none_ca00b6081b84eb1d\COMCTL32.dll
0x00007ff989a70000 - 0x00007ff989aa0000 	C:\WINDOWS\System32\IMM32.DLL
0x0000000067ad0000 - 0x0000000067ba2000 	C:\Program Files\Java\jdk1.8.0_202\jre\bin\msvcr100.dll
0x0000000067220000 - 0x0000000067ac5000 	C:\Program Files\Java\jdk1.8.0_202\jre\bin\server\jvm.dll
0x00007ff98a180000 - 0x00007ff98a188000 	C:\WINDOWS\System32\PSAPI.DLL
0x00007ff96e970000 - 0x00007ff96e979000 	C:\WINDOWS\SYSTEM32\WSOCK32.dll
0x00007ff9874a0000 - 0x00007ff9874aa000 	C:\WINDOWS\SYSTEM32\VERSION.dll
0x00007ff974690000 - 0x00007ff9746b7000 	C:\WINDOWS\SYSTEM32\WINMM.dll
0x00007ff988d30000 - 0x00007ff988d9b000 	C:\WINDOWS\System32\WS2_32.dll
0x00007ff967550000 - 0x00007ff96755f000 	C:\Program Files\Java\jdk1.8.0_202\jre\bin\verify.dll
0x00007ff94dca0000 - 0x00007ff94dcc9000 	C:\Program Files\Java\jdk1.8.0_202\jre\bin\java.dll
0x00007ff9640e0000 - 0x00007ff9640f6000 	C:\Program Files\Java\jdk1.8.0_202\jre\bin\zip.dll
0x00007ff988e00000 - 0x00007ff989542000 	C:\WINDOWS\System32\SHELL32.dll
0x00007ff9858c0000 - 0x00007ff986051000 	C:\WINDOWS\SYSTEM32\windows.storage.dll
0x00007ff988290000 - 0x00007ff9885e5000 	C:\WINDOWS\System32\combase.dll
0x00007ff987310000 - 0x00007ff98733c000 	C:\WINDOWS\SYSTEM32\Wldp.dll
0x00007ff9885f0000 - 0x00007ff98869e000 	C:\WINDOWS\System32\SHCORE.dll
0x00007ff989eb0000 - 0x00007ff989f05000 	C:\WINDOWS\System32\shlwapi.dll
0x00007ff987850000 - 0x00007ff98786f000 	C:\WINDOWS\SYSTEM32\profapi.dll
0x00007ff94dce0000 - 0x00007ff94dcfa000 	C:\Program Files\Java\jdk1.8.0_202\jre\bin\net.dll
0x00007ff96d210000 - 0x00007ff96d3fe000 	C:\WINDOWS\SYSTEM32\urlmon.dll
0x00007ff96cf60000 - 0x00007ff96d210000 	C:\WINDOWS\SYSTEM32\iertutil.dll
0x00007ff987080000 - 0x00007ff9870ea000 	C:\WINDOWS\system32\mswsock.dll
0x00007ff94db70000 - 0x00007ff94db82000 	C:\Program Files\Java\jdk1.8.0_202\jre\bin\nio.dll
0x00007ff982f60000 - 0x00007ff982f86000 	C:\Users\zyt\.gradle\native\29\windows-amd64\native-platform.dll
0x00007ff967540000 - 0x00007ff96754d000 	C:\Program Files\Java\jdk1.8.0_202\jre\bin\management.dll
0x00007ff987260000 - 0x00007ff987278000 	C:\WINDOWS\SYSTEM32\CRYPTSP.dll
0x00007ff9869b0000 - 0x00007ff9869e4000 	C:\WINDOWS\system32\rsaenh.dll
0x00007ff987910000 - 0x00007ff987937000 	C:\WINDOWS\System32\bcrypt.dll
0x00007ff987810000 - 0x00007ff98783e000 	C:\WINDOWS\SYSTEM32\USERENV.dll
0x00007ff987e70000 - 0x00007ff987ef0000 	C:\WINDOWS\System32\bcryptprimitives.dll
0x00007ff987250000 - 0x00007ff98725c000 	C:\WINDOWS\SYSTEM32\CRYPTBASE.dll
0x00007ff986d20000 - 0x00007ff986d5b000 	C:\WINDOWS\SYSTEM32\IPHLPAPI.DLL
0x00007ff9889c0000 - 0x00007ff9889c8000 	C:\WINDOWS\System32\NSI.dll
0x00007ff97b290000 - 0x00007ff97b2a7000 	C:\WINDOWS\SYSTEM32\dhcpcsvc6.DLL
0x00007ff97b270000 - 0x00007ff97b28d000 	C:\WINDOWS\SYSTEM32\dhcpcsvc.DLL
0x00007ff986d60000 - 0x00007ff986e2c000 	C:\WINDOWS\SYSTEM32\DNSAPI.dll

VM Arguments:
jvm_args: -Xmx1536m -Dfile.encoding=GBK -Duser.country=CN -Duser.language=zh -Duser.variant 
java_command: org.gradle.launcher.daemon.bootstrap.GradleDaemon 5.4.1
java_class_path (initial): C:\Users\zyt\.gradle\wrapper\dists\gradle-5.4.1-all\3221gyojl5jsh0helicew7rwx\gradle-5.4.1\lib\gradle-launcher-5.4.1.jar
Launcher Type: SUN_STANDARD

Environment Variables:
JAVA_HOME=C:\Program Files\Java\jdk1.8.0_202
CLASSPATH=.;C:\Program Files\Java\jdk1.8.0_202\lib;C:\Program Files\Java\jdk1.8.0_202\lib\dt.jar;C:\Program Files\Java\jdk1.8.0_202\lib\tools.jar；
PATH=C:\Program Files (x86)\Common Files\Oracle\Java\javapath;C:\WINDOWS\system32\cmd.exeC:\Program Files\Java\jdk1.8.0_202\bin;C:\WINDOWS\system32;C:\WINDOWS;C:\WINDOWS\System32\Wbem;C:\WINDOWS\System32\WindowsPowerShell\v1.0\;C:\WINDOWS\System32\OpenSSH\;C:\Program Files\Intel\WiFi\bin\;C:\Program Files\Common Files\Intel\WirelessCommon\;F:\Program Files (x86)\apache-maven-3.6.3\bin;C:\Program Files\MySQL\MySQL Server 8.0\;F:\wamp\bin\php\php5.5.12;F:\Program Files (x86)\Git\cmd;C:\Program Files\Java\jdk1.8.0_202\bin\;C:\Program Files\Java\jdk1.8.0_202\jre\bin\;F:\Android\sdk\platform-tools;F:\Android\sdk\tools;F:\Program Files (x86)\pandoc\;"C:\Users\张钰婷\AppData\Local\Microsoft\WindowsApps；F:jdk\in;F:jdk\jre\in";C:\Users\张钰婷\AppData\Local\Microsoft\WindowsApps;F:\Program Files (x86)\IntelliJ IDEA 2019.3.3\bin;F:\Program Files (x86)\GitHubDesktop\GitHubDesktop\bin;C:\Users\张钰婷\AppData\Local\Microsoft\WindowsApps
USERNAME=张钰婷
OS=Windows_NT
PROCESSOR_IDENTIFIER=Intel64 Family 6 Model 142 Stepping 10, GenuineIntel



---------------  S Y S T E M  ---------------

OS: Windows 10.0 , 64 bit Build 19041 (10.0.19041.928)

CPU:total 8 (initial active 8) (4 cores per cpu, 2 threads per core) family 6 model 142 stepping 10, cmov, cx8, fxsr, mmx, sse, sse2, sse3, ssse3, sse4.1, sse4.2, popcnt, avx, avx2, aes, clmul, erms, 3dnowpref, lzcnt, ht, tsc, tscinvbit, bmi1, bmi2, adx

Memory: 4k page, physical 8245976k(1317964k free), swap 12440280k(5864k free)

vm_info: Java HotSpot(TM) 64-Bit Server VM (25.202-b08) for windows-amd64 JRE (1.8.0_202-b08), built on Dec 15 2018 19:54:30 by "java_re" with MS VC++ 10.0 (VS2010)

time: Sun May 09 19:47:09 2021
timezone: 中国标准时间
elapsed time: 10 seconds (0d 0h 0m 10s)

