#
# There is insufficient memory for the Java Runtime Environment to continue.
# Native memory allocation (malloc) failed to allocate 32744 bytes for ChunkPool::allocate
# Possible reasons:
#   The system is out of physical RAM or swap space
#   The process is running with CompressedOops enabled, and the Java Heap may be blocking the growth of the native heap
# Possible solutions:
#   Reduce memory load on the system
#   Increase physical memory or swap space
#   Check if swap backing store is full
#   Decrease Java heap size (-Xmx/-Xms)
#   Decrease number of Java threads
#   Decrease Java thread stack sizes (-Xss)
#   Set larger code cache with -XX:ReservedCodeCacheSize=
#   JVM is running with Unscaled Compressed Oops mode in which the Java heap is
#     placed in the first 4GB address space. The Java Heap base address is the
#     maximum limit for the native heap growth. Please use -XX:HeapBaseMinAddress
#     to set the Java Heap base and to place the Java Heap above 4GB virtual address.
# This output file may be truncated or incomplete.
#
#  Out of Memory Error (allocation.cpp:272), pid=10948, tid=0x0000000000003e28
#
# JRE version: Java(TM) SE Runtime Environment (8.0_202-b08) (build 1.8.0_202-b08)
# Java VM: Java HotSpot(TM) 64-Bit Server VM (25.202-b08 mixed mode windows-amd64 compressed oops)
# Failed to write core dump. Minidumps are not enabled by default on client versions of Windows
#

---------------  T H R E A D  ---------------

Current thread (0x0000000018f5a800):  JavaThread "C2 CompilerThread0" daemon [_thread_in_native, id=15912, stack(0x0000000019780000,0x0000000019880000)]

Stack: [0x0000000019780000,0x0000000019880000]
[error occurred during error reporting (printing stack bounds), id 0xc0000005]

Native frames: (J=compiled Java code, j=interpreted, Vv=VM code, C=native code)


Current CompileTask:
C2:2868128 14330   !   4       com.sun.tools.javac.comp.Annotate::flush (185 bytes)


---------------  P R O C E S S  ---------------

Java Threads: ( => current thread )
  0x0000000020ec5800 JavaThread "Cache worker for Java compile cache (F:\Android\AndroidStudioProject\MoodKeeper\.gradle\5.4.1\javaCompile)" [_thread_blocked, id=15500, stack(0x0000000028cd0000,0x0000000028dd0000)]
  0x0000000020ec9800 JavaThread "Cache worker for Java compile cache (C:\Users\zyt\.gradle\caches\5.4.1\javaCompile)" [_thread_blocked, id=4488, stack(0x0000000028bd0000,0x0000000028cd0000)]
  0x0000000020ec8800 JavaThread "Cache worker for execution history cache (F:\Android\AndroidStudioProject\MoodKeeper\.gradle\5.4.1\executionHistory)" [_thread_blocked, id=3096, stack(0x0000000026d90000,0x0000000026e90000)]
  0x0000000020ecb800 JavaThread "Execution worker for ':' Thread 7" [_thread_blocked, id=11768, stack(0x00000000288d0000,0x00000000289d0000)]
  0x0000000020eca000 JavaThread "Execution worker for ':' Thread 6" [_thread_blocked, id=13348, stack(0x00000000287d0000,0x00000000288d0000)]
  0x000000001acfb800 JavaThread "Execution worker for ':' Thread 5" [_thread_blocked, id=14500, stack(0x00000000286d0000,0x00000000287d0000)]
  0x000000001acf5800 JavaThread "Execution worker for ':' Thread 4" [_thread_blocked, id=9064, stack(0x00000000285d0000,0x00000000286d0000)]
  0x000000001acf9000 JavaThread "Execution worker for ':' Thread 3" [_thread_blocked, id=640, stack(0x00000000284d0000,0x00000000285d0000)]
  0x000000001acfa000 JavaThread "Execution worker for ':' Thread 2" [_thread_in_vm, id=17736, stack(0x00000000283d0000,0x00000000284d0000)]
  0x000000001acf7800 JavaThread "Execution worker for ':'" [_thread_blocked, id=17764, stack(0x00000000282d0000,0x00000000283d0000)]
  0x000000001acf6000 JavaThread "Cache worker for file content cache (F:\Android\AndroidStudioProject\MoodKeeper\.gradle\5.4.1\fileContent)" [_thread_blocked, id=17068, stack(0x0000000027010000,0x0000000027110000)]
  0x000000001acfa800 JavaThread "Cache worker for file content cache (C:\Users\zyt\.gradle\caches\5.4.1\fileContent)" [_thread_blocked, id=17088, stack(0x0000000026f10000,0x0000000027010000)]
  0x000000001acf7000 JavaThread "Cache worker for Build Output Cleanup Cache (F:\Android\AndroidStudioProject\MoodKeeper\.gradle\buildOutputCleanup)" [_thread_blocked, id=15140, stack(0x0000000025e30000,0x0000000025f30000)]
  0x000000001e94c000 JavaThread "Build operations Thread 8" [_thread_blocked, id=15320, stack(0x0000000024df0000,0x0000000024ef0000)]
  0x000000001e94b000 JavaThread "Build operations Thread 7" [_thread_blocked, id=5448, stack(0x0000000024a30000,0x0000000024b30000)]
  0x000000001e94a800 JavaThread "Build operations Thread 6" [_thread_blocked, id=13164, stack(0x0000000023400000,0x0000000023500000)]
  0x000000001e949800 JavaThread "Build operations Thread 5" [_thread_blocked, id=8224, stack(0x0000000023300000,0x0000000023400000)]
  0x000000001e94e000 JavaThread "Build operations Thread 4" [_thread_blocked, id=1656, stack(0x0000000023200000,0x0000000023300000)]
  0x000000001e94c800 JavaThread "Build operations Thread 3" [_thread_blocked, id=7136, stack(0x0000000023100000,0x0000000023200000)]
  0x000000001e93f800 JavaThread "Build operations Thread 2" [_thread_blocked, id=1508, stack(0x0000000023000000,0x0000000023100000)]
  0x000000001e945000 JavaThread "Build operations" [_thread_blocked, id=11912, stack(0x0000000022f00000,0x0000000023000000)]
  0x000000001e942000 JavaThread "Cache worker for cache directory md-rule (C:\Users\zyt\.gradle\caches\5.4.1\md-rule)" [_thread_blocked, id=13704, stack(0x0000000022c00000,0x0000000022d00000)]
  0x000000001e944800 JavaThread "Cache worker for cache directory md-supplier (C:\Users\zyt\.gradle\caches\5.4.1\md-supplier)" [_thread_blocked, id=9748, stack(0x00000000228f0000,0x00000000229f0000)]
  0x000000001e946000 JavaThread "Cache worker for file hash cache (F:\Android\AndroidStudioProject\MoodKeeper\.gradle\5.4.1\fileHashes)" [_thread_blocked, id=3360, stack(0x00000000214c0000,0x00000000215c0000)]
  0x000000001e941800 JavaThread "Thread-66" [_thread_blocked, id=18040, stack(0x000000001ebc0000,0x000000001ecc0000)]
  0x000000001e943000 JavaThread "Stdin handler" [_thread_blocked, id=10044, stack(0x000000001c120000,0x000000001c220000)]
  0x000000001e93f000 JavaThread "Asynchronous log dispatcher for DefaultDaemonConnection: socket connection from /127.0.0.1:54155 to /127.0.0.1:55392" [_thread_blocked, id=16160, stack(0x000000001c020000,0x000000001c120000)]
  0x0000000019e74000 JavaThread "Daemon worker Thread 3" [_thread_blocked, id=8296, stack(0x000000001bf20000,0x000000001c020000)]
  0x0000000019e70000 JavaThread "Cancel handler" [_thread_blocked, id=14280, stack(0x000000001bc20000,0x000000001bd20000)]
  0x0000000019e72800 JavaThread "Handler for socket connection from /127.0.0.1:54155 to /127.0.0.1:55392" [_thread_in_native, id=6288, stack(0x000000001bb20000,0x000000001bc20000)]
  0x0000000019e75800 JavaThread "Daemon Thread 3" [_thread_blocked, id=2640, stack(0x00000000011f0000,0x00000000012f0000)]
  0x000000001e948000 JavaThread "Memory manager" [_thread_blocked, id=1888, stack(0x0000000023f20000,0x0000000024020000)]
  0x000000001e943800 JavaThread "Cache worker for execution history cache (C:\Users\zyt\.gradle\caches\5.4.1\executionHistory)" [_thread_blocked, id=8100, stack(0x00000000227f0000,0x00000000228f0000)]
  0x0000000019e74800 JavaThread "Cache worker for journal cache (C:\Users\zyt\.gradle\caches\journal-1)" [_thread_blocked, id=18348, stack(0x000000001d6f0000,0x000000001d7f0000)]
  0x0000000019e73000 JavaThread "File lock request listener" [_thread_in_native, id=8860, stack(0x000000001d5f0000,0x000000001d6f0000)]
  0x0000000019e71000 JavaThread "Cache worker for file hash cache (C:\Users\zyt\.gradle\caches\5.4.1\fileHashes)" [_thread_blocked, id=1512, stack(0x000000001d4f0000,0x000000001d5f0000)]
  0x000000001922b000 JavaThread "Daemon periodic checks" [_thread_blocked, id=15648, stack(0x000000001ba20000,0x000000001bb20000)]
  0x0000000019fb1800 JavaThread "Incoming local TCP Connector on port 54155" [_thread_in_native, id=12280, stack(0x000000001b870000,0x000000001b970000)]
  0x000000001b068000 JavaThread "Daemon health stats" [_thread_blocked, id=1704, stack(0x000000001b550000,0x000000001b650000)]
  0x0000000019046000 JavaThread "Service Thread" daemon [_thread_blocked, id=17196, stack(0x0000000019b80000,0x0000000019c80000)]
  0x0000000018fc9800 JavaThread "C1 CompilerThread3" daemon [_thread_in_vm, id=8096, stack(0x0000000019a80000,0x0000000019b80000)]
  0x0000000018fba800 JavaThread "C2 CompilerThread2" daemon [_thread_in_native, id=7528, stack(0x0000000019980000,0x0000000019a80000)]
  0x0000000018fb4000 JavaThread "C2 CompilerThread1" daemon [_thread_in_native, id=17712, stack(0x0000000019880000,0x0000000019980000)]
=>0x0000000018f5a800 JavaThread "C2 CompilerThread0" daemon [_thread_in_native, id=15912, stack(0x0000000019780000,0x0000000019880000)]
  0x0000000018f59000 JavaThread "Attach Listener" daemon [_thread_blocked, id=18236, stack(0x0000000019680000,0x0000000019780000)]
  0x0000000018f58800 JavaThread "Signal Dispatcher" daemon [_thread_blocked, id=16616, stack(0x0000000019580000,0x0000000019680000)]
  0x0000000018f41000 JavaThread "Finalizer" daemon [_thread_blocked, id=18000, stack(0x0000000019420000,0x0000000019520000)]
  0x0000000018f40800 JavaThread "Reference Handler" daemon [_thread_blocked, id=15144, stack(0x0000000019320000,0x0000000019420000)]
  0x0000000003232800 JavaThread "main" [_thread_blocked, id=8264, stack(0x00000000030e0000,0x00000000031e0000)]

Other Threads:
  0x0000000017109800 VMThread [stack: 0x0000000018e20000,0x0000000018f20000] [id=9244]
  0x0000000018fdf000 WatcherThread [stack: 0x0000000019c80000,0x0000000019d80000] [id=11488]

VM state:not at safepoint (normal execution)

VM Mutex/Monitor currently owned by a thread: None

heap address: 0x00000000a0000000, size: 1536 MB, Compressed Oops mode: 32-bit
Narrow klass base: 0x0000000000000000, Narrow klass shift: 3
Compressed class space size: 1073741824 Address: 0x0000000100000000

Heap:
 PSYoungGen      total 420864K, used 97672K [0x00000000e0000000, 0x0000000100000000, 0x0000000100000000)
  eden space 378880K, 14% used [0x00000000e0000000,0x00000000e36690b0,0x00000000f7200000)
  from space 41984K, 99% used [0x00000000faf00000,0x00000000fd7f90f0,0x00000000fd800000)
  to   space 62464K, 0% used [0x00000000f7200000,0x00000000f7200000,0x00000000faf00000)
 ParOldGen       total 166400K, used 108605K [0x00000000a0000000, 0x00000000aa280000, 0x00000000e0000000)
  object space 166400K, 65% used [0x00000000a0000000,0x00000000a6a0f7f0,0x00000000aa280000)
 Metaspace       used 108900K, capacity 112756K, committed 113408K, reserved 1146880K
  class space    used 14242K, capacity 15169K, committed 15360K, reserved 1048576K

Card table byte_map: [0x00000000126f0000,0x0000000012a00000] byte_map_base: 0x00000000121f0000

Marking Bits: (ParMarkBitMap*) 0x000000005b555ce0
 Begin Bits: [0x0000000013400000, 0x0000000014c00000)
 End Bits:   [0x0000000014c00000, 0x0000000016400000)

Polling page: 0x00000000031e0000

CodeCache: size=245760Kb used=42781Kb max_used=43309Kb free=202978Kb
 bounds [0x0000000003330000, 0x0000000005dc0000, 0x0000000012330000]
 total_blobs=13052 nmethods=12201 adapters=762
 compilation: enabled

Compilation events (10 events):
Event: 2868.090 Thread 0x0000000018fc9800 14357       2       com.sun.tools.javac.tree.Pretty::printExprs (55 bytes)
Event: 2868.091 Thread 0x0000000018fc9800 nmethod 14357 0x0000000005466250 code [0x00000000054663e0, 0x0000000005466738]
Event: 2868.091 Thread 0x0000000018fc9800 14361       2       com.sun.tools.javac.comp.TransTypes::addBridges (100 bytes)
Event: 2868.092 Thread 0x0000000018fc9800 nmethod 14361 0x00000000054dc010 code [0x00000000054dc200, 0x00000000054dc738]
Event: 2868.092 Thread 0x0000000018fc9800 14360       2       com.sun.tools.javac.tree.TreeTranslator::visitClassDef (72 bytes)
Event: 2868.093 Thread 0x0000000018fc9800 nmethod 14360 0x000000000535c810 code [0x000000000535c9c0, 0x000000000535ce08]
Event: 2868.094 Thread 0x0000000018fc9800 14362       2       com.sun.tools.javac.comp.Lower::translate (41 bytes)
Event: 2868.095 Thread 0x0000000018fc9800 nmethod 14362 0x0000000003da7d10 code [0x0000000003da7ea0, 0x0000000003da8178]
Event: 2868.095 Thread 0x0000000018fc9800 14363       3       com.sun.tools.javac.comp.Check::checkConflicts (248 bytes)
Event: 2868.099 Thread 0x0000000018fc9800 nmethod 14363 0x00000000055d9b10 code [0x00000000055d9ea0, 0x00000000055dbf88]

GC Heap History (10 events):
Event: 2846.054 GC heap before
{Heap before GC invocations=18 (full 3):
 PSYoungGen      total 272896K, used 272881K [0x00000000e0000000, 0x00000000f2f80000, 0x0000000100000000)
  eden space 251904K, 100% used [0x00000000e0000000,0x00000000ef600000,0x00000000ef600000)
  from space 20992K, 99% used [0x00000000f1200000,0x00000000f267c578,0x00000000f2680000)
  to   space 28672K, 0% used [0x00000000ef600000,0x00000000ef600000,0x00000000f1200000)
 ParOldGen       total 114176K, used 43643K [0x00000000a0000000, 0x00000000a6f80000, 0x00000000e0000000)
  object space 114176K, 38% used [0x00000000a0000000,0x00000000a2a9ef58,0x00000000a6f80000)
 Metaspace       used 92341K, capacity 96586K, committed 96896K, reserved 1132544K
  class space    used 12320K, capacity 13322K, committed 13440K, reserved 1048576K
Event: 2846.410 GC heap after
Heap after GC invocations=18 (full 3):
 PSYoungGen      total 280576K, used 28548K [0x00000000e0000000, 0x00000000f7d80000, 0x0000000100000000)
  eden space 251904K, 0% used [0x00000000e0000000,0x00000000e0000000,0x00000000ef600000)
  from space 28672K, 99% used [0x00000000ef600000,0x00000000f11e1288,0x00000000f1200000)
  to   space 33280K, 0% used [0x00000000f5d00000,0x00000000f5d00000,0x00000000f7d80000)
 ParOldGen       total 114176K, used 60013K [0x00000000a0000000, 0x00000000a6f80000, 0x00000000e0000000)
  object space 114176K, 52% used [0x00000000a0000000,0x00000000a3a9b750,0x00000000a6f80000)
 Metaspace       used 92341K, capacity 96586K, committed 96896K, reserved 1132544K
  class space    used 12320K, capacity 13322K, committed 13440K, reserved 1048576K
}
Event: 2846.934 GC heap before
{Heap before GC invocations=19 (full 3):
 PSYoungGen      total 280576K, used 56926K [0x00000000e0000000, 0x00000000f7d80000, 0x0000000100000000)
  eden space 251904K, 11% used [0x00000000e0000000,0x00000000e1bb6640,0x00000000ef600000)
  from space 28672K, 99% used [0x00000000ef600000,0x00000000f11e1288,0x00000000f1200000)
  to   space 33280K, 0% used [0x00000000f5d00000,0x00000000f5d00000,0x00000000f7d80000)
 ParOldGen       total 114176K, used 60013K [0x00000000a0000000, 0x00000000a6f80000, 0x00000000e0000000)
  object space 114176K, 52% used [0x00000000a0000000,0x00000000a3a9b750,0x00000000a6f80000)
 Metaspace       used 94170K, capacity 98382K, committed 98560K, reserved 1134592K
  class space    used 12614K, capacity 13616K, committed 13696K, reserved 1048576K
Event: 2846.970 GC heap after
Heap after GC invocations=19 (full 3):
 PSYoungGen      total 358400K, used 16110K [0x00000000e0000000, 0x00000000f8380000, 0x0000000100000000)
  eden space 325120K, 0% used [0x00000000e0000000,0x00000000e0000000,0x00000000f3d80000)
  from space 33280K, 48% used [0x00000000f5d00000,0x00000000f6cbba00,0x00000000f7d80000)
  to   space 32256K, 0% used [0x00000000f3d80000,0x00000000f3d80000,0x00000000f5d00000)
 ParOldGen       total 114176K, used 60021K [0x00000000a0000000, 0x00000000a6f80000, 0x00000000e0000000)
  object space 114176K, 52% used [0x00000000a0000000,0x00000000a3a9d750,0x00000000a6f80000)
 Metaspace       used 94170K, capacity 98382K, committed 98560K, reserved 1134592K
  class space    used 12614K, capacity 13616K, committed 13696K, reserved 1048576K
}
Event: 2846.970 GC heap before
{Heap before GC invocations=20 (full 4):
 PSYoungGen      total 358400K, used 16110K [0x00000000e0000000, 0x00000000f8380000, 0x0000000100000000)
  eden space 325120K, 0% used [0x00000000e0000000,0x00000000e0000000,0x00000000f3d80000)
  from space 33280K, 48% used [0x00000000f5d00000,0x00000000f6cbba00,0x00000000f7d80000)
  to   space 32256K, 0% used [0x00000000f3d80000,0x00000000f3d80000,0x00000000f5d00000)
 ParOldGen       total 114176K, used 60021K [0x00000000a0000000, 0x00000000a6f80000, 0x00000000e0000000)
  object space 114176K, 52% used [0x00000000a0000000,0x00000000a3a9d750,0x00000000a6f80000)
 Metaspace       used 94170K, capacity 98382K, committed 98560K, reserved 1134592K
  class space    used 12614K, capacity 13616K, committed 13696K, reserved 1048576K
Event: 2848.737 GC heap after
Heap after GC invocations=20 (full 4):
 PSYoungGen      total 358400K, used 0K [0x00000000e0000000, 0x00000000f8380000, 0x0000000100000000)
  eden space 325120K, 0% used [0x00000000e0000000,0x00000000e0000000,0x00000000f3d80000)
  from space 33280K, 0% used [0x00000000f5d00000,0x00000000f5d00000,0x00000000f7d80000)
  to   space 32256K, 0% used [0x00000000f3d80000,0x00000000f3d80000,0x00000000f5d00000)
 ParOldGen       total 166400K, used 59434K [0x00000000a0000000, 0x00000000aa280000, 0x00000000e0000000)
  object space 166400K, 35% used [0x00000000a0000000,0x00000000a3a0aa80,0x00000000aa280000)
 Metaspace       used 93762K, capacity 97296K, committed 98560K, reserved 1134592K
  class space    used 12497K, capacity 13351K, committed 13696K, reserved 1048576K
}
Event: 2859.120 GC heap before
{Heap before GC invocations=21 (full 4):
 PSYoungGen      total 358400K, used 325120K [0x00000000e0000000, 0x00000000f8380000, 0x0000000100000000)
  eden space 325120K, 100% used [0x00000000e0000000,0x00000000f3d80000,0x00000000f3d80000)
  from space 33280K, 0% used [0x00000000f5d00000,0x00000000f5d00000,0x00000000f7d80000)
  to   space 32256K, 0% used [0x00000000f3d80000,0x00000000f3d80000,0x00000000f5d00000)
 ParOldGen       total 166400K, used 59434K [0x00000000a0000000, 0x00000000aa280000, 0x00000000e0000000)
  object space 166400K, 35% used [0x00000000a0000000,0x00000000a3a0aa80,0x00000000aa280000)
 Metaspace       used 102607K, capacity 106310K, committed 107136K, reserved 1142784K
  class space    used 13632K, capacity 14516K, committed 14720K, reserved 1048576K
Event: 2859.378 GC heap after
Heap after GC invocations=21 (full 4):
 PSYoungGen      total 357376K, used 32247K [0x00000000e0000000, 0x00000000fd800000, 0x0000000100000000)
  eden space 325120K, 0% used [0x00000000e0000000,0x00000000e0000000,0x00000000f3d80000)
  from space 32256K, 99% used [0x00000000f3d80000,0x00000000f5cfde20,0x00000000f5d00000)
  to   space 41984K, 0% used [0x00000000faf00000,0x00000000faf00000,0x00000000fd800000)
 ParOldGen       total 166400K, used 72074K [0x00000000a0000000, 0x00000000aa280000, 0x00000000e0000000)
  object space 166400K, 43% used [0x00000000a0000000,0x00000000a46628e8,0x00000000aa280000)
 Metaspace       used 102607K, capacity 106310K, committed 107136K, reserved 1142784K
  class space    used 13632K, capacity 14516K, committed 14720K, reserved 1048576K
}
Event: 2864.353 GC heap before
{Heap before GC invocations=22 (full 4):
 PSYoungGen      total 357376K, used 357367K [0x00000000e0000000, 0x00000000fd800000, 0x0000000100000000)
  eden space 325120K, 100% used [0x00000000e0000000,0x00000000f3d80000,0x00000000f3d80000)
  from space 32256K, 99% used [0x00000000f3d80000,0x00000000f5cfde20,0x00000000f5d00000)
  to   space 41984K, 0% used [0x00000000faf00000,0x00000000faf00000,0x00000000fd800000)
 ParOldGen       total 166400K, used 72074K [0x00000000a0000000, 0x00000000aa280000, 0x00000000e0000000)
  object space 166400K, 43% used [0x00000000a0000000,0x00000000a46628e8,0x00000000aa280000)
 Metaspace       used 107321K, capacity 111156K, committed 111744K, reserved 1146880K
  class space    used 14126K, capacity 15041K, committed 15232K, reserved 1048576K
Event: 2864.815 GC heap after
Heap after GC invocations=22 (full 4):
 PSYoungGen      total 420864K, used 41956K [0x00000000e0000000, 0x0000000100000000, 0x0000000100000000)
  eden space 378880K, 0% used [0x00000000e0000000,0x00000000e0000000,0x00000000f7200000)
  from space 41984K, 99% used [0x00000000faf00000,0x00000000fd7f90f0,0x00000000fd800000)
  to   space 62464K, 0% used [0x00000000f7200000,0x00000000f7200000,0x00000000faf00000)
 ParOldGen       total 166400K, used 108605K [0x00000000a0000000, 0x00000000aa280000, 0x00000000e0000000)
  object space 166400K, 65% used [0x00000000a0000000,0x00000000a6a0f7f0,0x00000000aa280000)
 Metaspace       used 107321K, capacity 111156K, committed 111744K, reserved 1146880K
  class space    used 14126K, capacity 15041K, committed 15232K, reserved 1048576K
}

Deoptimization events (10 events):
Event: 2867.232 Thread 0x000000001acfa000 Uncommon trap: reason=bimorphic action=maybe_recompile pc=0x0000000005ac14cc method=com.sun.tools.javac.code.Type.isCompound()Z @ 14
Event: 2867.232 Thread 0x000000001acfa000 Uncommon trap: reason=bimorphic action=maybe_recompile pc=0x0000000005ac14cc method=com.sun.tools.javac.code.Type.isCompound()Z @ 14
Event: 2867.344 Thread 0x000000001acfa000 Uncommon trap: reason=bimorphic action=maybe_recompile pc=0x00000000059b9d48 method=com.sun.tools.javac.code.Type$ClassType.isErroneous()Z @ 1
Event: 2867.345 Thread 0x000000001acfa000 Uncommon trap: reason=unstable_if action=reinterpret pc=0x0000000005d50cf8 method=com.sun.tools.javac.code.Symbol$MethodSymbol.implementation(Lcom/sun/tools/javac/code/Symbol$TypeSymbol;Lcom/sun/tools/javac/code/Types;ZLcom/sun/tools/javac/util/Filter;)Lc
Event: 2867.359 Thread 0x000000001acfa000 Uncommon trap: reason=unstable_if action=reinterpret pc=0x00000000054778d0 method=com.sun.tools.javac.util.IntHashTable.rehash()V @ 88
Event: 2867.359 Thread 0x000000001acfa000 Uncommon trap: reason=unstable_if action=reinterpret pc=0x00000000054713e4 method=com.sun.tools.javac.util.IntHashTable.rehash()V @ 88
Event: 2867.416 Thread 0x000000001acfa000 Uncommon trap: reason=speculate_class_check action=maybe_recompile pc=0x0000000005ab3e2c method=com.sun.tools.javac.code.Type.hasTag(Lcom/sun/tools/javac/code/TypeTag;)Z @ 2
Event: 2867.416 Thread 0x000000001acfa000 Uncommon trap: reason=speculate_class_check action=maybe_recompile pc=0x0000000005ab3e2c method=com.sun.tools.javac.code.Type.hasTag(Lcom/sun/tools/javac/code/TypeTag;)Z @ 2
Event: 2867.466 Thread 0x000000001acfa000 Uncommon trap: reason=unstable_if action=reinterpret pc=0x0000000005d7afc0 method=com.sun.tools.javac.code.Types.isSubtypeUncheckedInternal(Lcom/sun/tools/javac/code/Type;Lcom/sun/tools/javac/code/Type;Lcom/sun/tools/javac/util/Warner;)Z @ 134
Event: 2868.075 Thread 0x000000001acfa000 Uncommon trap: reason=unstable_if action=reinterpret pc=0x00000000054fde1c method=com.sun.tools.javac.code.Symbol.isDeprecated()Z @ 10

Classes redefined (0 events):
No events

Internal exceptions (10 events):
Event: 2853.902 Thread 0x0000000019e74000 Implicit null exception at 0x0000000004e27263 to 0x0000000004e27711
Event: 2854.747 Thread 0x000000001acf9000 Exception <a 'java/lang/NoSuchMethodError': <clinit>> (0x00000000eb6145f8) thrown at [C:\re\workspace\8-2-build-windows-amd64-cygwin\jdk8u202\12323\hotspot\src\share\vm\prims\jni.cpp, line 1614]
Event: 2859.378 Thread 0x000000001acfa000 Implicit null exception at 0x0000000005478528 to 0x0000000005478bd1
Event: 2859.388 Thread 0x000000001acfa000 Implicit null exception at 0x000000000547445a to 0x0000000005474b4d
Event: 2860.883 Thread 0x000000001acfa000 Implicit null exception at 0x000000000420d798 to 0x000000000420d9d5
Event: 2861.169 Thread 0x000000001acfa000 Implicit null exception at 0x00000000036190d9 to 0x0000000003619485
Event: 2862.904 Thread 0x000000001acfa000 Implicit null exception at 0x00000000056a15bd to 0x00000000056a241e
Event: 2862.905 Thread 0x000000001acfa000 Implicit null exception at 0x00000000042ce1a3 to 0x00000000042ce635
Event: 2863.182 Thread 0x000000001acfa000 Implicit null exception at 0x000000000570fd12 to 0x000000000570fe85
Event: 2863.185 Thread 0x000000001acfa000 Implicit null exception at 0x00000000057123b0 to 0x0000000005712402

Events (10 events):
Event: 2867.634 Thread 0x0000000018fc9800 flushing nmethod 0x00000000055c8910
Event: 2867.635 Thread 0x0000000018fc9800 flushing nmethod 0x00000000055d4950
Event: 2867.635 Thread 0x0000000018fc9800 flushing nmethod 0x0000000005618190
Event: 2867.755 Thread 0x000000001acfa000 DEOPT PACKING pc=0x00000000055c7c43 sp=0x00000000284ca100
Event: 2867.755 Thread 0x000000001acfa000 DEOPT UNPACKING pc=0x0000000003377890 sp=0x00000000284c9e80 mode 0
Event: 2868.049 Thread 0x000000001acfa000 DEOPT PACKING pc=0x00000000057a2c0d sp=0x00000000284c9c80
Event: 2868.049 Thread 0x000000001acfa000 DEOPT UNPACKING pc=0x0000000003377890 sp=0x00000000284c99a8 mode 0
Event: 2868.075 Thread 0x000000001acfa000 Uncommon trap: trap_request=0xffffff65 fr.pc=0x00000000054fde1c
Event: 2868.075 Thread 0x000000001acfa000 DEOPT PACKING pc=0x00000000054fde1c sp=0x00000000284c9d30
Event: 2868.075 Thread 0x000000001acfa000 DEOPT UNPACKING pc=0x000000000337583b sp=0x00000000284c9c88 mode 2


Dynamic libraries:
0x00007ff67a780000 - 0x00007ff67a7b7000 	C:\Program Files\Java\jdk1.8.0_202\bin\java.exe
0x00007fff05bf0000 - 0x00007fff05de5000 	C:\WINDOWS\SYSTEM32\ntdll.dll
0x00007fff058b0000 - 0x00007fff0596d000 	C:\WINDOWS\System32\KERNEL32.DLL
0x00007fff03760000 - 0x00007fff03a28000 	C:\WINDOWS\System32\KERNELBASE.dll
0x00007fff03f00000 - 0x00007fff03fac000 	C:\WINDOWS\System32\ADVAPI32.dll
0x00007fff04d40000 - 0x00007fff04dde000 	C:\WINDOWS\System32\msvcrt.dll
0x00007fff03cb0000 - 0x00007fff03d4b000 	C:\WINDOWS\System32\sechost.dll
0x00007fff05710000 - 0x00007fff0583b000 	C:\WINDOWS\System32\RPCRT4.dll
0x00007fff03d60000 - 0x00007fff03f00000 	C:\WINDOWS\System32\USER32.dll
0x00007fff03330000 - 0x00007fff03352000 	C:\WINDOWS\System32\win32u.dll
0x00007fff056e0000 - 0x00007fff0570a000 	C:\WINDOWS\System32\GDI32.dll
0x00007fff035a0000 - 0x00007fff036ab000 	C:\WINDOWS\System32\gdi32full.dll
0x00007fff03bb0000 - 0x00007fff03c4d000 	C:\WINDOWS\System32\msvcp_win.dll
0x00007fff03a30000 - 0x00007fff03b30000 	C:\WINDOWS\System32\ucrtbase.dll
0x00007ffeefcf0000 - 0x00007ffeeff8a000 	C:\WINDOWS\WinSxS\amd64_microsoft.windows.common-controls_6595b64144ccf1df_6.0.19041.844_none_ca00b6081b84eb1d\COMCTL32.dll
0x00007fff052e0000 - 0x00007fff05310000 	C:\WINDOWS\System32\IMM32.DLL
0x000000005c210000 - 0x000000005c2e2000 	C:\Program Files\Java\jdk1.8.0_202\jre\bin\msvcr100.dll
0x000000005ad30000 - 0x000000005b5d5000 	C:\Program Files\Java\jdk1.8.0_202\jre\bin\server\jvm.dll
0x00007fff05310000 - 0x00007fff05318000 	C:\WINDOWS\System32\PSAPI.DLL
0x00007ffef0140000 - 0x00007ffef0167000 	C:\WINDOWS\SYSTEM32\WINMM.dll
0x00007fff02ec0000 - 0x00007fff02eca000 	C:\WINDOWS\SYSTEM32\VERSION.dll
0x00007ffee8800000 - 0x00007ffee8809000 	C:\WINDOWS\SYSTEM32\WSOCK32.dll
0x00007fff05840000 - 0x00007fff058ab000 	C:\WINDOWS\System32\WS2_32.dll
0x00007ffef9ac0000 - 0x00007ffef9acf000 	C:\Program Files\Java\jdk1.8.0_202\jre\bin\verify.dll
0x00007ffedf310000 - 0x00007ffedf339000 	C:\Program Files\Java\jdk1.8.0_202\jre\bin\java.dll
0x00007ffedb9c0000 - 0x00007ffedb9d6000 	C:\Program Files\Java\jdk1.8.0_202\jre\bin\zip.dll
0x00007fff04430000 - 0x00007fff04b72000 	C:\WINDOWS\System32\SHELL32.dll
0x00007fff01290000 - 0x00007fff01a21000 	C:\WINDOWS\SYSTEM32\windows.storage.dll
0x00007fff040d0000 - 0x00007fff04425000 	C:\WINDOWS\System32\combase.dll
0x00007fff02d30000 - 0x00007fff02d5c000 	C:\WINDOWS\SYSTEM32\Wldp.dll
0x00007fff05aa0000 - 0x00007fff05b4e000 	C:\WINDOWS\System32\SHCORE.dll
0x00007fff05320000 - 0x00007fff05375000 	C:\WINDOWS\System32\shlwapi.dll
0x00007fff03270000 - 0x00007fff0328f000 	C:\WINDOWS\SYSTEM32\profapi.dll
0x00007ffedb9a0000 - 0x00007ffedb9ba000 	C:\Program Files\Java\jdk1.8.0_202\jre\bin\net.dll
0x00007ffef0bd0000 - 0x00007ffef0dbe000 	C:\WINDOWS\SYSTEM32\urlmon.dll
0x00007ffef05f0000 - 0x00007ffef08a0000 	C:\WINDOWS\SYSTEM32\iertutil.dll
0x00007fff02aa0000 - 0x00007fff02b0a000 	C:\WINDOWS\system32\mswsock.dll
0x00007ffedb980000 - 0x00007ffedb992000 	C:\Program Files\Java\jdk1.8.0_202\jre\bin\nio.dll
0x00007ffee7870000 - 0x00007ffee7896000 	C:\Users\zyt\.gradle\native\29\windows-amd64\native-platform.dll
0x00007ffee7860000 - 0x00007ffee786d000 	C:\Program Files\Java\jdk1.8.0_202\jre\bin\management.dll
0x00007fff02c70000 - 0x00007fff02c88000 	C:\WINDOWS\SYSTEM32\CRYPTSP.dll
0x00007fff023d0000 - 0x00007fff02404000 	C:\WINDOWS\system32\rsaenh.dll
0x00007fff03510000 - 0x00007fff03537000 	C:\WINDOWS\System32\bcrypt.dll
0x00007fff031f0000 - 0x00007fff0321e000 	C:\WINDOWS\SYSTEM32\USERENV.dll
0x00007fff03b30000 - 0x00007fff03bb0000 	C:\WINDOWS\System32\bcryptprimitives.dll
0x00007fff02c90000 - 0x00007fff02c9c000 	C:\WINDOWS\SYSTEM32\CRYPTBASE.dll
0x00007fff02740000 - 0x00007fff0277b000 	C:\WINDOWS\SYSTEM32\IPHLPAPI.DLL
0x00007fff04c80000 - 0x00007fff04c88000 	C:\WINDOWS\System32\NSI.dll
0x00007ffef78a0000 - 0x00007ffef78b7000 	C:\WINDOWS\SYSTEM32\dhcpcsvc6.DLL
0x00007ffef7880000 - 0x00007ffef789d000 	C:\WINDOWS\SYSTEM32\dhcpcsvc.DLL
0x00007fff02780000 - 0x00007fff0284c000 	C:\WINDOWS\SYSTEM32\DNSAPI.dll

VM Arguments:
jvm_args: -Xmx1536m -Dfile.encoding=GBK -Duser.country=CN -Duser.language=zh -Duser.variant 
java_command: org.gradle.launcher.daemon.bootstrap.GradleDaemon 5.4.1
java_class_path (initial): C:\Users\zyt\.gradle\wrapper\dists\gradle-5.4.1-all\3221gyojl5jsh0helicew7rwx\gradle-5.4.1\lib\gradle-launcher-5.4.1.jar
Launcher Type: SUN_STANDARD

Environment Variables:
JAVA_HOME=C:\Program Files\Java\jdk1.8.0_202
CLASSPATH=.;C:\Program Files\Java\jdk1.8.0_202\lib;C:\Program Files\Java\jdk1.8.0_202\lib\dt.jar;C:\Program Files\Java\jdk1.8.0_202\lib\tools.jar；
PATH=C:\Program Files (x86)\Common Files\Oracle\Java\javapath;C:\WINDOWS\system32\cmd.exeC:\Program Files\Java\jdk1.8.0_202\bin;C:\WINDOWS\system32;C:\WINDOWS;C:\WINDOWS\System32\Wbem;C:\WINDOWS\System32\WindowsPowerShell\v1.0\;C:\WINDOWS\System32\OpenSSH\;C:\Program Files\Intel\WiFi\bin\;C:\Program Files\Common Files\Intel\WirelessCommon\;F:\Program Files (x86)\apache-maven-3.6.3\bin;C:\Program Files\MySQL\MySQL Server 8.0\;F:\wamp\bin\php\php5.5.12;F:\Program Files (x86)\Git\cmd;C:\Program Files\Java\jdk1.8.0_202\bin\;C:\Program Files\Java\jdk1.8.0_202\jre\bin\;F:\Android\sdk\platform-tools;F:\Android\sdk\tools;F:\Program Files (x86)\pandoc\;"C:\Users\张钰婷\AppData\Local\Microsoft\WindowsApps；F:jdk\in;F:jdk\jre\in";C:\Users\张钰婷\AppData\Local\Microsoft\WindowsApps;F:\Program Files (x86)\IntelliJ IDEA 2019.3.3\bin;F:\Program Files (x86)\GitHubDesktop\GitHubDesktop\bin;C:\Users\张钰婷\AppData\Local\Microsoft\WindowsApps
USERNAME=张钰婷
OS=Windows_NT
PROCESSOR_IDENTIFIER=Intel64 Family 6 Model 142 Stepping 10, GenuineIntel



---------------  S Y S T E M  ---------------

OS: Windows 10.0 , 64 bit Build 19041 (10.0.19041.928)

CPU:total 8 (initial active 8) (4 cores per cpu, 2 threads per core) family 6 model 142 stepping 10, cmov, cx8, fxsr, mmx, sse, sse2, sse3, ssse3, sse4.1, sse4.2, popcnt, avx, avx2, aes, clmul, erms, 3dnowpref, lzcnt, ht, tsc, tscinvbit, bmi1, bmi2, adx

Memory: 4k page, physical 8245976k(306020k free), swap 12440280k(2456k free)

vm_info: Java HotSpot(TM) 64-Bit Server VM (25.202-b08) for windows-amd64 JRE (1.8.0_202-b08), built on Dec 15 2018 19:54:30 by "java_re" with MS VC++ 10.0 (VS2010)

time: Mon May 10 17:20:03 2021
timezone: 中国标准时间
elapsed time: 2868 seconds (0d 0h 47m 48s)

